<?xml version="1.0" encoding="UTF-8"?>
<testsuite name="CheckingTest" tests="7" skipped="0" failures="0" errors="0" timestamp="2023-12-11T06:26:34" hostname="LEON" time="0.019">
  <properties/>
  <testcase name="depositing_twice_to_checking_account()" classname="CheckingTest" time="0.002"/>
  <testcase name="return_apr_amount()" classname="CheckingTest" time="0.0"/>
  <testcase name="checking_account_balance_is_zero()" classname="CheckingTest" time="0.001"/>
  <testcase name="withdrawing_money_when_balance_is_zero_to_checking_account()" classname="CheckingTest" time="0.001"/>
  <testcase name="withdrawing_twice_in_checking_account()" classname="CheckingTest" time="0.001"/>
  <testcase name="withdrawing_money_when_balance_is_more_than_zero_in_checking_account()" classname="CheckingTest" time="0.002"/>
  <testcase name="depositing_10_dollars_to_checking_account()" classname="CheckingTest" time="0.0"/>
  <system-out><![CDATA[]]></system-out>
  <system-err><![CDATA[]]></system-err>
</testsuite>
